TN:
SF:/Users/Chunkie/Documents/Programming/frontEndMaster/start branch of react/v2.complete-intro-to-react/js/Search.js
FN:26,(anonymous_0)
FN:27,(anonymous_1)
FNF:2
FNH:2
FNDA:84,(anonymous_0)
FNDA:65,(anonymous_1)
DA:5,1
DA:7,3
DA:13,1
DA:18,4
DA:26,84
DA:28,65
LF:6
LH:6
BRF:0
BRH:0
end_of_record
TN:
SF:/Users/Chunkie/Documents/Programming/frontEndMaster/start branch of react/v2.complete-intro-to-react/js/ShowCard.js
FNF:0
FNH:0
DA:2,1
DA:4,1
DA:14,0
DA:15,0
LF:4
LH:2
BRF:0
BRH:0
end_of_record
